<?xml version="1.0" encoding="UTF-8"?>
<!-- Generated by org.testng.reporters.JUnitReportReporter -->
<testsuite skipped="0" hostname="AINDLPB01A1N2" name="Reusablelibrary.ExtentReportsWithTestNG" tests="2" failures="0" timestamp="25 May 2020 06:01:04 GMT" time="2.325" errors="0">
  <testcase name="test2" time="0.561" classname="Reusablelibrary.ExtentReportsWithTestNG"/>
  <testcase name="test1" time="1.764" classname="Reusablelibrary.ExtentReportsWithTestNG"/>
</testsuite> <!-- Reusablelibrary.ExtentReportsWithTestNG -->
