<?xml version="1.0" encoding="UTF-8"?>
<!-- Generated by org.testng.reporters.JUnitReportReporter -->
<testsuite skipped="0" hostname="AINDLPB01A1N2" name="Reusablelibrary.ExtentReportsWithTestNG" tests="2" failures="0" timestamp="24 May 2020 15:08:57 GMT" time="19.968" errors="0">
  <testcase name="test2" time="10.491" classname="Reusablelibrary.ExtentReportsWithTestNG"/>
  <testcase name="test1" time="9.477" classname="Reusablelibrary.ExtentReportsWithTestNG"/>
</testsuite> <!-- Reusablelibrary.ExtentReportsWithTestNG -->
